<?xml version="1.0" encoding="UTF-8"?>
<!-- Generated by org.testng.reporters.JUnitReportReporter -->
<testsuite hostname="Shopse-396" failures="0" tests="3" name="test.Day4TestCasePriority" time="0.003" errors="0" timestamp="2024-07-20T22:12:08 IST" skipped="0">
  <testcase classname="test.Day4TestCasePriority" name="LoginAPIHomeLoan" time="0.002"/>
  <testcase classname="test.Day4TestCasePriority" name="MobileHomeLoan" time="0.001"/>
  <testcase classname="test.Day4TestCasePriority" name="webcarHomeLoan" time="0.000"/>
</testsuite> <!-- test.Day4TestCasePriority -->
