<?xml version="1.0" encoding="UTF-8"?>
<!-- Generated by org.testng.reporters.JUnitReportReporter -->
<testsuite hostname="Shopse-396" failures="0" tests="2" name="test.day2" time="0.002" errors="0" timestamp="2024-07-20T22:12:08 IST" skipped="0">
  <testcase classname="test.day2" name="demo4" time="0.001"/>
  <testcase classname="test.day2" name="demo3" time="0.001"/>
</testsuite> <!-- test.day2 -->
