<?xml version="1.0" encoding="UTF-8"?>
<!-- Generated by org.testng.reporters.JUnitReportReporter -->
<testsuite hostname="Shopse-396" failures="0" tests="1" name="test.class1" time="0.004" errors="0" timestamp="2024-07-20T22:12:08 IST" skipped="0">
  <testcase classname="test.class1" name="demo" time="0.004"/>
</testsuite> <!-- test.class1 -->
